<?xml version="1.0" encoding="UTF-8"?>
<testsuite name="unit.HostRepositoryTest" tests="1" skipped="0" failures="0" errors="0" timestamp="2023-02-07T17:29:03" hostname="DESKTOP-QDVB0F0" time="0.02">
  <properties/>
  <testcase name="updateHost_hostExists_updateHostVariables()" classname="unit.HostRepositoryTest" time="0.02"/>
  <system-out><![CDATA[Host updated
]]></system-out>
  <system-err><![CDATA[]]></system-err>
</testsuite>
