<?xml version="1.0" encoding="UTF-8"?>
<testsuite name="unit.DataEntryValidatorTest" tests="4" skipped="0" failures="0" errors="0" timestamp="2023-02-07T18:46:23" hostname="DESKTOP-QDVB0F0" time="0.029">
  <properties/>
  <testcase name="validateIPv4_validIP_returnsTrue()" classname="unit.DataEntryValidatorTest" time="0.023"/>
  <testcase name="validateIPv4_validURL_returnsTrue()" classname="unit.DataEntryValidatorTest" time="0.001"/>
  <testcase name="validateIPv4_notValidURL_returnsFalse()" classname="unit.DataEntryValidatorTest" time="0.001"/>
  <testcase name="validateIPv4_notValidIP_returnsFalse()" classname="unit.DataEntryValidatorTest" time="0.001"/>
  <system-out><![CDATA[]]></system-out>
  <system-err><![CDATA[]]></system-err>
</testsuite>
