<?xml version="1.0" encoding="UTF-8"?>
<testsuite name="unit.PortScannerTest" tests="2" skipped="0" failures="0" errors="0" timestamp="2022-12-22T01:17:52" hostname="DESKTOP-QDVB0F0" time="12.059">
  <properties/>
  <testcase name="scanIP_localAddress_returnsListOfCorrectSize()" classname="unit.PortScannerTest" time="5.884"/>
  <testcase name="scanHost_validData_updatesPorts()" classname="unit.PortScannerTest" time="6.174"/>
  <system-out><![CDATA[Scanning ports 1 to 500. Timeout has been set to 1000msScanning ports 1 to 500. Timeout has been set to 1000ms]]></system-out>
  <system-err><![CDATA[]]></system-err>
</testsuite>
