<?xml version="1.0" encoding="UTF-8"?>
<testsuite name="unit.LocalSettingsTest" tests="1" skipped="0" failures="0" errors="0" timestamp="2023-02-08T16:43:17" hostname="DESKTOP-QDVB0F0" time="0.046">
  <properties/>
  <testcase name="writeSettings_readSettings_readsAndWrites()" classname="unit.LocalSettingsTest" time="0.046"/>
  <system-out><![CDATA[]]></system-out>
  <system-err><![CDATA[]]></system-err>
</testsuite>
