<?xml version="1.0" encoding="UTF-8"?>
<testsuite name="unit.HostRepositoryTest" tests="4" skipped="0" failures="0" errors="0" timestamp="2023-01-05T01:39:38" hostname="DESKTOP-QDVB0F0" time="0.085">
  <properties/>
  <testcase name="loadJson_loadsCorrectJsonFile()" classname="unit.HostRepositoryTest" time="0.075"/>
  <testcase name="updateJson_updatesJsonFile()" classname="unit.HostRepositoryTest" time="0.005"/>
  <testcase name="addHost_validHost_addsNewHost()" classname="unit.HostRepositoryTest" time="0.002"/>
  <testcase name="updateHost_hostExists_updateHostVariables()" classname="unit.HostRepositoryTest" time="0.0"/>
  <system-out><![CDATA[[Host{name='Test Profile', hostName='localhost', ipV4Address='127.0.0.1', ports=[], mostRecentScan=null}, Host{name='My Website', hostName='https://carlosengels.com/', ipV4Address='104.200.17.209', ports=[], mostRecentScan=null}]
New Host Added
New Host Added
]]></system-out>
  <system-err><![CDATA[]]></system-err>
</testsuite>
